<?xml version="1.0" encoding="UTF-8"?>
<!-- Generated by org.testng.reporters.JUnitXMLReporter -->
<testsuite hostname="LAPTOP-2P1KOI2J" ignored="0" name="Login.xml" tests="1" failures="1" timestamp="2020-10-23T22:09:56 PDT" time="0.1" errors="0">
  <testcase name="LoginToWebSite" time="0.008" classname="Login.Login">
    <failure type="java.lang.NullPointerException">
      <![CDATA[java.lang.NullPointerException
at POLogin.POLogin.LoginToWebSite(POLogin.java:40)
at Login.Login.LoginToWebSite(Login.java:33)
at java.util.ArrayList.forEach(Unknown Source)
... Removed 27 stack frames]]>
    </failure>
  </testcase> <!-- LoginToWebSite -->
</testsuite> <!-- Login.xml -->
